<?xml version="1.0" encoding="UTF-8"?>
<testsuite name="cl.tbd.ejemplo1.Ejemplo1TbdApplicationTests" tests="1" skipped="0" failures="0" errors="0" timestamp="2020-05-18T18:08:42" hostname="cris-VirtualBox" time="0.634">
  <properties/>
  <testcase name="contextLoads()" classname="cl.tbd.ejemplo1.Ejemplo1TbdApplicationTests" time="0.634"/>
  <system-out><![CDATA[14:08:36.537 [Test worker] DEBUG org.springframework.test.context.BootstrapUtils - Instantiating CacheAwareContextLoaderDelegate from class [org.springframework.test.context.cache.DefaultCacheAwareContextLoaderDelegate]
14:08:36.591 [Test worker] DEBUG org.springframework.test.context.BootstrapUtils - Instantiating BootstrapContext using constructor [public org.springframework.test.context.support.DefaultBootstrapContext(java.lang.Class,org.springframework.test.context.CacheAwareContextLoaderDelegate)]
14:08:36.684 [Test worker] DEBUG org.springframework.test.context.BootstrapUtils - Instantiating TestContextBootstrapper for test class [cl.tbd.ejemplo1.Ejemplo1TbdApplicationTests] from class [org.springframework.boot.test.context.SpringBootTestContextBootstrapper]
14:08:36.747 [Test worker] INFO org.springframework.boot.test.context.SpringBootTestContextBootstrapper - Neither @ContextConfiguration nor @ContextHierarchy found for test class [cl.tbd.ejemplo1.Ejemplo1TbdApplicationTests], using SpringBootContextLoader
14:08:36.765 [Test worker] DEBUG org.springframework.test.context.support.AbstractContextLoader - Did not detect default resource location for test class [cl.tbd.ejemplo1.Ejemplo1TbdApplicationTests]: class path resource [cl/tbd/ejemplo1/Ejemplo1TbdApplicationTests-context.xml] does not exist
14:08:36.774 [Test worker] DEBUG org.springframework.test.context.support.AbstractContextLoader - Did not detect default resource location for test class [cl.tbd.ejemplo1.Ejemplo1TbdApplicationTests]: class path resource [cl/tbd/ejemplo1/Ejemplo1TbdApplicationTestsContext.groovy] does not exist
14:08:36.776 [Test worker] INFO org.springframework.test.context.support.AbstractContextLoader - Could not detect default resource locations for test class [cl.tbd.ejemplo1.Ejemplo1TbdApplicationTests]: no resource found for suffixes {-context.xml, Context.groovy}.
14:08:36.777 [Test worker] INFO org.springframework.test.context.support.AnnotationConfigContextLoaderUtils - Could not detect default configuration classes for test class [cl.tbd.ejemplo1.Ejemplo1TbdApplicationTests]: Ejemplo1TbdApplicationTests does not declare any static, non-private, non-final, nested classes annotated with @Configuration.
14:08:36.965 [Test worker] DEBUG org.springframework.test.context.support.ActiveProfilesUtils - Could not find an 'annotation declaring class' for annotation type [org.springframework.test.context.ActiveProfiles] and class [cl.tbd.ejemplo1.Ejemplo1TbdApplicationTests]
14:08:37.138 [Test worker] DEBUG org.springframework.context.annotation.ClassPathScanningCandidateComponentProvider - Identified candidate component class: file [/home/cris/Desktop/ejemplo1/build/classes/java/main/cl/tbd/ejemplo1/Ejemplo1TbdApplication.class]
14:08:37.143 [Test worker] INFO org.springframework.boot.test.context.SpringBootTestContextBootstrapper - Found @SpringBootConfiguration cl.tbd.ejemplo1.Ejemplo1TbdApplication for test class cl.tbd.ejemplo1.Ejemplo1TbdApplicationTests
14:08:37.332 [Test worker] DEBUG org.springframework.boot.test.context.SpringBootTestContextBootstrapper - @TestExecutionListeners is not present for class [cl.tbd.ejemplo1.Ejemplo1TbdApplicationTests]: using defaults.
14:08:37.336 [Test worker] INFO org.springframework.boot.test.context.SpringBootTestContextBootstrapper - Loaded default TestExecutionListener class names from location [META-INF/spring.factories]: [org.springframework.boot.test.autoconfigure.restdocs.RestDocsTestExecutionListener, org.springframework.boot.test.autoconfigure.web.client.MockRestServiceServerResetTestExecutionListener, org.springframework.boot.test.autoconfigure.web.servlet.MockMvcPrintOnlyOnFailureTestExecutionListener, org.springframework.boot.test.autoconfigure.web.servlet.WebDriverTestExecutionListener, org.springframework.boot.test.mock.mockito.MockitoTestExecutionListener, org.springframework.boot.test.mock.mockito.ResetMocksTestExecutionListener, org.springframework.test.context.web.ServletTestExecutionListener, org.springframework.test.context.support.DirtiesContextBeforeModesTestExecutionListener, org.springframework.test.context.support.DependencyInjectionTestExecutionListener, org.springframework.test.context.support.DirtiesContextTestExecutionListener, org.springframework.test.context.transaction.TransactionalTestExecutionListener, org.springframework.test.context.jdbc.SqlScriptsTestExecutionListener, org.springframework.test.context.event.EventPublishingTestExecutionListener]
14:08:37.358 [Test worker] DEBUG org.springframework.boot.test.context.SpringBootTestContextBootstrapper - Skipping candidate TestExecutionListener [org.springframework.test.context.transaction.TransactionalTestExecutionListener] due to a missing dependency. Specify custom listener classes or make the default listener classes and their required dependencies available. Offending class: [org/springframework/transaction/interceptor/TransactionAttributeSource]
14:08:37.361 [Test worker] DEBUG org.springframework.boot.test.context.SpringBootTestContextBootstrapper - Skipping candidate TestExecutionListener [org.springframework.test.context.jdbc.SqlScriptsTestExecutionListener] due to a missing dependency. Specify custom listener classes or make the default listener classes and their required dependencies available. Offending class: [org/springframework/transaction/interceptor/TransactionAttribute]
14:08:37.362 [Test worker] INFO org.springframework.boot.test.context.SpringBootTestContextBootstrapper - Using TestExecutionListeners: [org.springframework.test.context.web.ServletTestExecutionListener@65e130dd, org.springframework.test.context.support.DirtiesContextBeforeModesTestExecutionListener@59565d13, org.springframework.boot.test.mock.mockito.MockitoTestExecutionListener@61e85b56, org.springframework.boot.test.autoconfigure.SpringBootDependencyInjectionTestExecutionListener@58cc58cc, org.springframework.test.context.support.DirtiesContextTestExecutionListener@3447ecd0, org.springframework.test.context.event.EventPublishingTestExecutionListener@5f92818e, org.springframework.boot.test.autoconfigure.restdocs.RestDocsTestExecutionListener@7c0343c1, org.springframework.boot.test.autoconfigure.web.client.MockRestServiceServerResetTestExecutionListener@46337eb5, org.springframework.boot.test.autoconfigure.web.servlet.MockMvcPrintOnlyOnFailureTestExecutionListener@4d993bcf, org.springframework.boot.test.autoconfigure.web.servlet.WebDriverTestExecutionListener@64c4d03, org.springframework.boot.test.mock.mockito.ResetMocksTestExecutionListener@60370b40]
14:08:37.369 [Test worker] DEBUG org.springframework.test.context.support.AbstractDirtiesContextTestExecutionListener - Before test class: context [DefaultTestContext@13c7d7eb testClass = Ejemplo1TbdApplicationTests, testInstance = [null], testMethod = [null], testException = [null], mergedContextConfiguration = [WebMergedContextConfiguration@642665d1 testClass = Ejemplo1TbdApplicationTests, locations = '{}', classes = '{class cl.tbd.ejemplo1.Ejemplo1TbdApplication}', contextInitializerClasses = '[]', activeProfiles = '{}', propertySourceLocations = '{}', propertySourceProperties = '{org.springframework.boot.test.context.SpringBootTestContextBootstrapper=true}', contextCustomizers = set[org.springframework.boot.test.autoconfigure.properties.PropertyMappingContextCustomizer@0, org.springframework.boot.test.autoconfigure.web.servlet.WebDriverContextCustomizerFactory$Customizer@7ad82208, org.springframework.boot.test.context.filter.ExcludeFilterContextCustomizer@9050890, org.springframework.boot.test.json.DuplicateJsonObjectContextCustomizerFactory$DuplicateJsonObjectContextCustomizer@4869dad, org.springframework.boot.test.mock.mockito.MockitoContextCustomizer@0, org.springframework.boot.test.web.client.TestRestTemplateContextCustomizer@5415efef, org.springframework.boot.test.context.SpringBootTestArgs@1], resourceBasePath = 'src/main/webapp', contextLoader = 'org.springframework.boot.test.context.SpringBootContextLoader', parent = [null]], attributes = map['org.springframework.test.context.web.ServletTestExecutionListener.activateListener' -> true]], class annotated with @DirtiesContext [false] with mode [null].
14:08:37.438 [Test worker] DEBUG org.springframework.test.context.support.TestPropertySourceUtils - Adding inlined properties to environment: {spring.jmx.enabled=false, org.springframework.boot.test.context.SpringBootTestContextBootstrapper=true, server.port=-1}

  .   ____          _            __ _ _
 /\\ / ___'_ __ _ _(_)_ __  __ _ \ \ \ \
( ( )\___ | '_ | '_| | '_ \/ _` | \ \ \ \
 \\/  ___)| |_)| | | | | || (_| |  ) ) ) )
  '  |____| .__|_| |_|_| |_\__, | / / / /
 =========|_|==============|___/=/_/_/_/
 :: Spring Boot ::        (v2.2.7.RELEASE)

2020-05-18 14:08:38.080  INFO 5026 --- [    Test worker] c.t.e.Ejemplo1TbdApplicationTests        : Starting Ejemplo1TbdApplicationTests on cris-VirtualBox with PID 5026 (started by cris in /home/cris/Desktop/ejemplo1)
2020-05-18 14:08:38.088  INFO 5026 --- [    Test worker] c.t.e.Ejemplo1TbdApplicationTests        : No active profile set, falling back to default profiles: default
2020-05-18 14:08:41.715  INFO 5026 --- [    Test worker] o.s.s.concurrent.ThreadPoolTaskExecutor  : Initializing ExecutorService 'applicationTaskExecutor'
2020-05-18 14:08:42.268  INFO 5026 --- [    Test worker] c.t.e.Ejemplo1TbdApplicationTests        : Started Ejemplo1TbdApplicationTests in 4.806 seconds (JVM running for 8.49)
]]></system-out>
  <system-err><![CDATA[]]></system-err>
</testsuite>
